mode: set
github.com/thomaspoignant/go-feature-flag/cmd/relayproxy/service/flagset_manager.go:49.91,50.19 1 1
github.com/thomaspoignant/go-feature-flag/cmd/relayproxy/service/flagset_manager.go:50.19,52.3 1 1
github.com/thomaspoignant/go-feature-flag/cmd/relayproxy/service/flagset_manager.go:54.2,54.31 1 1
github.com/thomaspoignant/go-feature-flag/cmd/relayproxy/service/flagset_manager.go:54.31,58.3 1 1
github.com/thomaspoignant/go-feature-flag/cmd/relayproxy/service/flagset_manager.go:60.2,61.16 2 1
github.com/thomaspoignant/go-feature-flag/cmd/relayproxy/service/flagset_manager.go:61.16,63.3 1 1
github.com/thomaspoignant/go-feature-flag/cmd/relayproxy/service/flagset_manager.go:64.2,64.25 1 1
github.com/thomaspoignant/go-feature-flag/cmd/relayproxy/service/flagset_manager.go:69.103,86.16 3 1
github.com/thomaspoignant/go-feature-flag/cmd/relayproxy/service/flagset_manager.go:86.16,88.3 1 1
github.com/thomaspoignant/go-feature-flag/cmd/relayproxy/service/flagset_manager.go:89.2,93.8 1 1
github.com/thomaspoignant/go-feature-flag/cmd/relayproxy/service/flagset_manager.go:98.103,102.42 3 1
github.com/thomaspoignant/go-feature-flag/cmd/relayproxy/service/flagset_manager.go:102.42,104.17 2 1
github.com/thomaspoignant/go-feature-flag/cmd/relayproxy/service/flagset_manager.go:104.17,106.12 2 1
github.com/thomaspoignant/go-feature-flag/cmd/relayproxy/service/flagset_manager.go:109.3,110.61 2 1
github.com/thomaspoignant/go-feature-flag/cmd/relayproxy/service/flagset_manager.go:110.61,113.4 1 1
github.com/thomaspoignant/go-feature-flag/cmd/relayproxy/service/flagset_manager.go:115.3,116.42 2 1
github.com/thomaspoignant/go-feature-flag/cmd/relayproxy/service/flagset_manager.go:116.42,118.4 1 1
github.com/thomaspoignant/go-feature-flag/cmd/relayproxy/service/flagset_manager.go:121.2,121.24 1 1
github.com/thomaspoignant/go-feature-flag/cmd/relayproxy/service/flagset_manager.go:121.24,123.3 1 1
github.com/thomaspoignant/go-feature-flag/cmd/relayproxy/service/flagset_manager.go:125.2,130.8 1 1
github.com/thomaspoignant/go-feature-flag/cmd/relayproxy/service/flagset_manager.go:134.76,135.16 1 1
github.com/thomaspoignant/go-feature-flag/cmd/relayproxy/service/flagset_manager.go:136.34,137.48 1 1
github.com/thomaspoignant/go-feature-flag/cmd/relayproxy/service/flagset_manager.go:138.10,139.26 1 1
github.com/thomaspoignant/go-feature-flag/cmd/relayproxy/service/gofeatureflag.go:17.125,19.45 2 0
github.com/thomaspoignant/go-feature-flag/cmd/relayproxy/service/gofeatureflag.go:19.45,21.17 2 0
github.com/thomaspoignant/go-feature-flag/cmd/relayproxy/service/gofeatureflag.go:21.17,23.4 1 0
github.com/thomaspoignant/go-feature-flag/cmd/relayproxy/service/gofeatureflag.go:24.3,24.29 1 0
github.com/thomaspoignant/go-feature-flag/cmd/relayproxy/service/gofeatureflag.go:27.2,29.8 1 0
github.com/thomaspoignant/go-feature-flag/cmd/relayproxy/service/gofeatureflag_client.go:44.35,46.21 2 1
github.com/thomaspoignant/go-feature-flag/cmd/relayproxy/service/gofeatureflag_client.go:46.21,48.3 1 1
github.com/thomaspoignant/go-feature-flag/cmd/relayproxy/service/gofeatureflag_client.go:50.2,51.16 2 1
github.com/thomaspoignant/go-feature-flag/cmd/relayproxy/service/gofeatureflag_client.go:51.16,53.3 1 0
github.com/thomaspoignant/go-feature-flag/cmd/relayproxy/service/gofeatureflag_client.go:55.2,56.16 2 1
github.com/thomaspoignant/go-feature-flag/cmd/relayproxy/service/gofeatureflag_client.go:56.16,58.3 1 0
github.com/thomaspoignant/go-feature-flag/cmd/relayproxy/service/gofeatureflag_client.go:60.2,61.31 2 1
github.com/thomaspoignant/go-feature-flag/cmd/relayproxy/service/gofeatureflag_client.go:61.31,63.17 2 0
github.com/thomaspoignant/go-feature-flag/cmd/relayproxy/service/gofeatureflag_client.go:63.17,65.4 1 0
github.com/thomaspoignant/go-feature-flag/cmd/relayproxy/service/gofeatureflag_client.go:68.2,89.16 4 1
github.com/thomaspoignant/go-feature-flag/cmd/relayproxy/service/gofeatureflag_client.go:89.16,91.3 1 1
github.com/thomaspoignant/go-feature-flag/cmd/relayproxy/service/gofeatureflag_client.go:92.2,92.21 1 1
github.com/thomaspoignant/go-feature-flag/cmd/relayproxy/service/gofeatureflag_client.go:97.79,99.33 2 1
github.com/thomaspoignant/go-feature-flag/cmd/relayproxy/service/gofeatureflag_client.go:99.33,100.43 1 1
github.com/thomaspoignant/go-feature-flag/cmd/relayproxy/service/gofeatureflag_client.go:100.43,102.18 2 1
github.com/thomaspoignant/go-feature-flag/cmd/relayproxy/service/gofeatureflag_client.go:102.18,104.5 1 1
github.com/thomaspoignant/go-feature-flag/cmd/relayproxy/service/gofeatureflag_client.go:105.4,105.53 1 1
github.com/thomaspoignant/go-feature-flag/cmd/relayproxy/service/gofeatureflag_client.go:108.2,108.24 1 1
github.com/thomaspoignant/go-feature-flag/cmd/relayproxy/service/gofeatureflag_client.go:112.74,114.20 2 1
github.com/thomaspoignant/go-feature-flag/cmd/relayproxy/service/gofeatureflag_client.go:114.20,116.3 1 1
github.com/thomaspoignant/go-feature-flag/cmd/relayproxy/service/gofeatureflag_client.go:117.2,117.16 1 1
github.com/thomaspoignant/go-feature-flag/cmd/relayproxy/service/gofeatureflag_client.go:118.30,119.55 1 1
github.com/thomaspoignant/go-feature-flag/cmd/relayproxy/service/gofeatureflag_client.go:120.30,121.55 1 1
github.com/thomaspoignant/go-feature-flag/cmd/relayproxy/service/gofeatureflag_client.go:122.33,123.58 1 1
github.com/thomaspoignant/go-feature-flag/cmd/relayproxy/service/gofeatureflag_client.go:124.28,125.53 1 1
github.com/thomaspoignant/go-feature-flag/cmd/relayproxy/service/gofeatureflag_client.go:126.26,128.94 2 1
github.com/thomaspoignant/go-feature-flag/cmd/relayproxy/service/gofeatureflag_client.go:129.28,130.53 1 1
github.com/thomaspoignant/go-feature-flag/cmd/relayproxy/service/gofeatureflag_client.go:131.37,132.80 1 1
github.com/thomaspoignant/go-feature-flag/cmd/relayproxy/service/gofeatureflag_client.go:133.34,134.29 1 0
github.com/thomaspoignant/go-feature-flag/cmd/relayproxy/service/gofeatureflag_client.go:135.31,136.36 1 0
github.com/thomaspoignant/go-feature-flag/cmd/relayproxy/service/gofeatureflag_client.go:137.29,138.88 1 0
github.com/thomaspoignant/go-feature-flag/cmd/relayproxy/service/gofeatureflag_client.go:139.37,140.37 1 0
github.com/thomaspoignant/go-feature-flag/cmd/relayproxy/service/gofeatureflag_client.go:141.10,143.31 1 1
github.com/thomaspoignant/go-feature-flag/cmd/relayproxy/service/gofeatureflag_client.go:149.84,151.32 2 1
github.com/thomaspoignant/go-feature-flag/cmd/relayproxy/service/gofeatureflag_client.go:151.32,152.42 1 1
github.com/thomaspoignant/go-feature-flag/cmd/relayproxy/service/gofeatureflag_client.go:152.42,154.18 2 1
github.com/thomaspoignant/go-feature-flag/cmd/relayproxy/service/gofeatureflag_client.go:154.18,156.5 1 1
github.com/thomaspoignant/go-feature-flag/cmd/relayproxy/service/gofeatureflag_client.go:157.4,157.50 1 1
github.com/thomaspoignant/go-feature-flag/cmd/relayproxy/service/gofeatureflag_client.go:160.2,160.23 1 1
github.com/thomaspoignant/go-feature-flag/cmd/relayproxy/service/gofeatureflag_client.go:163.78,165.29 2 1
github.com/thomaspoignant/go-feature-flag/cmd/relayproxy/service/gofeatureflag_client.go:165.29,167.3 1 1
github.com/thomaspoignant/go-feature-flag/cmd/relayproxy/service/gofeatureflag_client.go:168.2,169.39 1 1
github.com/thomaspoignant/go-feature-flag/cmd/relayproxy/service/gofeatureflag_client.go:169.39,170.28 1 1
github.com/thomaspoignant/go-feature-flag/cmd/relayproxy/service/gofeatureflag_client.go:170.28,172.5 1 1
github.com/thomaspoignant/go-feature-flag/cmd/relayproxy/service/gofeatureflag_client.go:173.4,173.47 1 1
github.com/thomaspoignant/go-feature-flag/cmd/relayproxy/service/gofeatureflag_client.go:175.34,176.31 1 1
github.com/thomaspoignant/go-feature-flag/cmd/relayproxy/service/gofeatureflag_client.go:176.31,178.5 1 1
github.com/thomaspoignant/go-feature-flag/cmd/relayproxy/service/gofeatureflag_client.go:179.4,179.50 1 1
github.com/thomaspoignant/go-feature-flag/cmd/relayproxy/service/gofeatureflag_client.go:184.2,186.16 3 1
github.com/thomaspoignant/go-feature-flag/cmd/relayproxy/service/gofeatureflag_client.go:186.16,188.3 1 1
github.com/thomaspoignant/go-feature-flag/cmd/relayproxy/service/gofeatureflag_client.go:190.2,190.21 1 1
github.com/thomaspoignant/go-feature-flag/cmd/relayproxy/service/gofeatureflag_client.go:194.78,196.20 2 1
github.com/thomaspoignant/go-feature-flag/cmd/relayproxy/service/gofeatureflag_client.go:196.20,198.3 1 0
github.com/thomaspoignant/go-feature-flag/cmd/relayproxy/service/gofeatureflag_client.go:200.2,201.22 2 1
github.com/thomaspoignant/go-feature-flag/cmd/relayproxy/service/gofeatureflag_client.go:201.22,203.3 1 0
github.com/thomaspoignant/go-feature-flag/cmd/relayproxy/service/gofeatureflag_client.go:205.2,206.25 2 1
github.com/thomaspoignant/go-feature-flag/cmd/relayproxy/service/gofeatureflag_client.go:206.25,208.3 1 0
github.com/thomaspoignant/go-feature-flag/cmd/relayproxy/service/gofeatureflag_client.go:210.2,211.37 2 1
github.com/thomaspoignant/go-feature-flag/cmd/relayproxy/service/gofeatureflag_client.go:211.37,213.3 1 1
github.com/thomaspoignant/go-feature-flag/cmd/relayproxy/service/gofeatureflag_client.go:215.2,215.16 1 1
github.com/thomaspoignant/go-feature-flag/cmd/relayproxy/service/gofeatureflag_client.go:216.30,222.9 1 1
github.com/thomaspoignant/go-feature-flag/cmd/relayproxy/service/gofeatureflag_client.go:223.27,230.9 1 1
github.com/thomaspoignant/go-feature-flag/cmd/relayproxy/service/gofeatureflag_client.go:231.26,233.29 1 1
github.com/thomaspoignant/go-feature-flag/cmd/relayproxy/service/gofeatureflag_client.go:233.29,234.26 1 1
github.com/thomaspoignant/go-feature-flag/cmd/relayproxy/service/gofeatureflag_client.go:234.26,236.6 1 0
github.com/thomaspoignant/go-feature-flag/cmd/relayproxy/service/gofeatureflag_client.go:237.5,237.44 1 1
github.com/thomaspoignant/go-feature-flag/cmd/relayproxy/service/gofeatureflag_client.go:240.25,242.17 2 1
github.com/thomaspoignant/go-feature-flag/cmd/relayproxy/service/gofeatureflag_client.go:242.17,244.4 1 0
github.com/thomaspoignant/go-feature-flag/cmd/relayproxy/service/gofeatureflag_client.go:246.3,254.9 1 1
github.com/thomaspoignant/go-feature-flag/cmd/relayproxy/service/gofeatureflag_client.go:255.30,257.17 2 1
github.com/thomaspoignant/go-feature-flag/cmd/relayproxy/service/gofeatureflag_client.go:257.17,259.4 1 0
github.com/thomaspoignant/go-feature-flag/cmd/relayproxy/service/gofeatureflag_client.go:260.3,267.9 1 1
github.com/thomaspoignant/go-feature-flag/cmd/relayproxy/service/gofeatureflag_client.go:268.36,276.9 1 1
github.com/thomaspoignant/go-feature-flag/cmd/relayproxy/service/gofeatureflag_client.go:277.26,279.17 2 1
github.com/thomaspoignant/go-feature-flag/cmd/relayproxy/service/gofeatureflag_client.go:279.17,281.4 1 0
github.com/thomaspoignant/go-feature-flag/cmd/relayproxy/service/gofeatureflag_client.go:282.3,285.9 1 1
github.com/thomaspoignant/go-feature-flag/cmd/relayproxy/service/gofeatureflag_client.go:286.28,288.17 2 1
github.com/thomaspoignant/go-feature-flag/cmd/relayproxy/service/gofeatureflag_client.go:288.17,290.4 1 0
github.com/thomaspoignant/go-feature-flag/cmd/relayproxy/service/gofeatureflag_client.go:291.3,294.9 1 1
github.com/thomaspoignant/go-feature-flag/cmd/relayproxy/service/gofeatureflag_client.go:295.29,299.9 1 1
github.com/thomaspoignant/go-feature-flag/cmd/relayproxy/service/gofeatureflag_client.go:300.28,310.9 1 1
github.com/thomaspoignant/go-feature-flag/cmd/relayproxy/service/gofeatureflag_client.go:311.10,312.83 1 1
github.com/thomaspoignant/go-feature-flag/cmd/relayproxy/service/gofeatureflag_client.go:318.79,324.21 2 1
github.com/thomaspoignant/go-feature-flag/cmd/relayproxy/service/gofeatureflag_client.go:324.21,326.3 1 1
github.com/thomaspoignant/go-feature-flag/cmd/relayproxy/service/gofeatureflag_client.go:327.2,329.16 3 1
github.com/thomaspoignant/go-feature-flag/cmd/relayproxy/service/gofeatureflag_client.go:329.16,331.3 1 0
github.com/thomaspoignant/go-feature-flag/cmd/relayproxy/service/gofeatureflag_client.go:332.2,334.41 2 1
github.com/thomaspoignant/go-feature-flag/cmd/relayproxy/service/gofeatureflag_client.go:335.34,336.78 1 1
github.com/thomaspoignant/go-feature-flag/cmd/relayproxy/service/gofeatureflag_client.go:336.78,338.4 1 0
github.com/thomaspoignant/go-feature-flag/cmd/relayproxy/service/gofeatureflag_client.go:339.34,340.78 1 1
github.com/thomaspoignant/go-feature-flag/cmd/relayproxy/service/gofeatureflag_client.go:340.78,342.4 1 0
github.com/thomaspoignant/go-feature-flag/cmd/relayproxy/service/gofeatureflag_client.go:344.2,345.15 2 1
github.com/thomaspoignant/go-feature-flag/cmd/relayproxy/service/gofeatureflag_client.go:348.73,349.14 1 1
github.com/thomaspoignant/go-feature-flag/cmd/relayproxy/service/gofeatureflag_client.go:349.14,351.3 1 0
github.com/thomaspoignant/go-feature-flag/cmd/relayproxy/service/gofeatureflag_client.go:352.2,354.27 2 1
github.com/thomaspoignant/go-feature-flag/cmd/relayproxy/service/gofeatureflag_client.go:354.27,355.22 1 1
github.com/thomaspoignant/go-feature-flag/cmd/relayproxy/service/gofeatureflag_client.go:356.29,357.63 1 1
github.com/thomaspoignant/go-feature-flag/cmd/relayproxy/service/gofeatureflag_client.go:357.63,360.5 2 0
github.com/thomaspoignant/go-feature-flag/cmd/relayproxy/service/gofeatureflag_client.go:361.4,364.5 1 1
github.com/thomaspoignant/go-feature-flag/cmd/relayproxy/service/gofeatureflag_client.go:365.38,371.5 1 1
github.com/thomaspoignant/go-feature-flag/cmd/relayproxy/service/gofeatureflag_client.go:372.31,380.5 1 1
github.com/thomaspoignant/go-feature-flag/cmd/relayproxy/service/gofeatureflag_client.go:381.31,385.5 1 1
github.com/thomaspoignant/go-feature-flag/cmd/relayproxy/service/gofeatureflag_client.go:386.11,387.89 1 0
github.com/thomaspoignant/go-feature-flag/cmd/relayproxy/service/gofeatureflag_client.go:390.2,390.23 1 1
github.com/thomaspoignant/go-feature-flag/cmd/relayproxy/service/gofeatureflag_retriever.go:20.30,22.40 2 1
github.com/thomaspoignant/go-feature-flag/cmd/relayproxy/service/gofeatureflag_retriever.go:22.40,24.3 1 1
github.com/thomaspoignant/go-feature-flag/cmd/relayproxy/service/gofeatureflag_retriever.go:25.2,27.25 1 1
github.com/thomaspoignant/go-feature-flag/cmd/relayproxy/service/gofeatureflag_retriever.go:27.25,28.22 1 1
github.com/thomaspoignant/go-feature-flag/cmd/relayproxy/service/gofeatureflag_retriever.go:28.22,30.5 1 1
github.com/thomaspoignant/go-feature-flag/cmd/relayproxy/service/gofeatureflag_retriever.go:31.4,31.19 1 0
github.com/thomaspoignant/go-feature-flag/cmd/relayproxy/service/gofeatureflag_retriever.go:42.30,45.25 1 1
github.com/thomaspoignant/go-feature-flag/cmd/relayproxy/service/gofeatureflag_retriever.go:45.25,46.22 1 1
github.com/thomaspoignant/go-feature-flag/cmd/relayproxy/service/gofeatureflag_retriever.go:46.22,48.5 1 1
github.com/thomaspoignant/go-feature-flag/cmd/relayproxy/service/gofeatureflag_retriever.go:49.4,49.19 1 0
github.com/thomaspoignant/go-feature-flag/cmd/relayproxy/service/gofeatureflag_retriever.go:61.33,64.25 1 1
github.com/thomaspoignant/go-feature-flag/cmd/relayproxy/service/gofeatureflag_retriever.go:64.25,65.22 1 1
github.com/thomaspoignant/go-feature-flag/cmd/relayproxy/service/gofeatureflag_retriever.go:65.22,67.5 1 1
github.com/thomaspoignant/go-feature-flag/cmd/relayproxy/service/gofeatureflag_retriever.go:68.4,68.19 1 1
github.com/thomaspoignant/go-feature-flag/cmd/relayproxy/service/gofeatureflag_retriever.go:80.28,83.25 1 1
github.com/thomaspoignant/go-feature-flag/cmd/relayproxy/service/gofeatureflag_retriever.go:83.25,84.26 1 1
github.com/thomaspoignant/go-feature-flag/cmd/relayproxy/service/gofeatureflag_retriever.go:84.26,86.5 1 1
github.com/thomaspoignant/go-feature-flag/cmd/relayproxy/service/gofeatureflag_retriever.go:87.4,87.23 1 0
github.com/thomaspoignant/go-feature-flag/cmd/relayproxy/service/gofeatureflag_retriever.go:91.81,93.16 2 0
github.com/thomaspoignant/go-feature-flag/cmd/relayproxy/service/gofeatureflag_retriever.go:93.16,95.3 1 0
github.com/thomaspoignant/go-feature-flag/cmd/relayproxy/service/gofeatureflag_retriever.go:96.2,101.8 1 0
github.com/thomaspoignant/go-feature-flag/cmd/relayproxy/service/gofeatureflag_retriever.go:104.78,110.2 1 0
github.com/thomaspoignant/go-feature-flag/cmd/relayproxy/service/gofeatureflag_retriever.go:112.78,119.2 1 0
github.com/thomaspoignant/go-feature-flag/cmd/relayproxy/service/monitoring.go:15.61,19.2 1 1
github.com/thomaspoignant/go-feature-flag/cmd/relayproxy/service/monitoring.go:27.56,31.2 1 1
github.com/thomaspoignant/go-feature-flag/cmd/relayproxy/service/monitoring.go:34.52,38.2 1 1
github.com/thomaspoignant/go-feature-flag/cmd/relayproxy/service/notifier_websocket.go:11.80,15.2 1 1
github.com/thomaspoignant/go-feature-flag/cmd/relayproxy/service/notifier_websocket.go:17.67,20.2 2 1
github.com/thomaspoignant/go-feature-flag/cmd/relayproxy/service/websocket.go:28.45,33.2 1 1
github.com/thomaspoignant/go-feature-flag/cmd/relayproxy/service/websocket.go:42.78,45.27 3 1
github.com/thomaspoignant/go-feature-flag/cmd/relayproxy/service/websocket.go:45.27,47.17 2 1
github.com/thomaspoignant/go-feature-flag/cmd/relayproxy/service/websocket.go:47.17,51.4 3 1
github.com/thomaspoignant/go-feature-flag/cmd/relayproxy/service/websocket.go:56.58,60.2 3 1
github.com/thomaspoignant/go-feature-flag/cmd/relayproxy/service/websocket.go:63.60,67.2 3 1
github.com/thomaspoignant/go-feature-flag/cmd/relayproxy/service/websocket.go:70.40,73.27 3 1
github.com/thomaspoignant/go-feature-flag/cmd/relayproxy/service/websocket.go:73.27,75.3 1 1
