mode: set
github.com/thomaspoignant/go-feature-flag/cmd/relayproxy/service/flagset_manager.go:76.100,77.19 1 1
github.com/thomaspoignant/go-feature-flag/cmd/relayproxy/service/flagset_manager.go:77.19,79.3 1 1
github.com/thomaspoignant/go-feature-flag/cmd/relayproxy/service/flagset_manager.go:81.2,83.30 3 1
github.com/thomaspoignant/go-feature-flag/cmd/relayproxy/service/flagset_manager.go:83.30,87.3 1 1
github.com/thomaspoignant/go-feature-flag/cmd/relayproxy/service/flagset_manager.go:87.8,90.3 1 1
github.com/thomaspoignant/go-feature-flag/cmd/relayproxy/service/flagset_manager.go:91.2,91.16 1 1
github.com/thomaspoignant/go-feature-flag/cmd/relayproxy/service/flagset_manager.go:91.16,93.3 1 1
github.com/thomaspoignant/go-feature-flag/cmd/relayproxy/service/flagset_manager.go:95.2,96.25 2 1
github.com/thomaspoignant/go-feature-flag/cmd/relayproxy/service/flagset_manager.go:102.95,121.16 3 1
github.com/thomaspoignant/go-feature-flag/cmd/relayproxy/service/flagset_manager.go:121.16,123.3 1 1
github.com/thomaspoignant/go-feature-flag/cmd/relayproxy/service/flagset_manager.go:124.2,129.8 1 1
github.com/thomaspoignant/go-feature-flag/cmd/relayproxy/service/flagset_manager.go:135.100,139.46 3 1
github.com/thomaspoignant/go-feature-flag/cmd/relayproxy/service/flagset_manager.go:139.46,141.17 2 1
github.com/thomaspoignant/go-feature-flag/cmd/relayproxy/service/flagset_manager.go:141.17,148.12 2 1
github.com/thomaspoignant/go-feature-flag/cmd/relayproxy/service/flagset_manager.go:151.3,152.67 2 1
github.com/thomaspoignant/go-feature-flag/cmd/relayproxy/service/flagset_manager.go:152.67,157.48 3 1
github.com/thomaspoignant/go-feature-flag/cmd/relayproxy/service/flagset_manager.go:157.48,159.5 1 1
github.com/thomaspoignant/go-feature-flag/cmd/relayproxy/service/flagset_manager.go:160.4,162.63 2 1
github.com/thomaspoignant/go-feature-flag/cmd/relayproxy/service/flagset_manager.go:165.3,166.42 2 1
github.com/thomaspoignant/go-feature-flag/cmd/relayproxy/service/flagset_manager.go:166.42,168.4 1 1
github.com/thomaspoignant/go-feature-flag/cmd/relayproxy/service/flagset_manager.go:171.2,171.24 1 1
github.com/thomaspoignant/go-feature-flag/cmd/relayproxy/service/flagset_manager.go:171.24,173.3 1 1
github.com/thomaspoignant/go-feature-flag/cmd/relayproxy/service/flagset_manager.go:175.2,181.8 1 1
github.com/thomaspoignant/go-feature-flag/cmd/relayproxy/service/flagset_manager.go:185.86,186.16 1 1
github.com/thomaspoignant/go-feature-flag/cmd/relayproxy/service/flagset_manager.go:187.34,188.19 1 1
github.com/thomaspoignant/go-feature-flag/cmd/relayproxy/service/flagset_manager.go:188.19,190.4 1 1
github.com/thomaspoignant/go-feature-flag/cmd/relayproxy/service/flagset_manager.go:192.3,194.14 3 1
github.com/thomaspoignant/go-feature-flag/cmd/relayproxy/service/flagset_manager.go:194.14,197.4 2 1
github.com/thomaspoignant/go-feature-flag/cmd/relayproxy/service/flagset_manager.go:198.3,200.14 3 1
github.com/thomaspoignant/go-feature-flag/cmd/relayproxy/service/flagset_manager.go:200.14,202.4 1 0
github.com/thomaspoignant/go-feature-flag/cmd/relayproxy/service/flagset_manager.go:203.3,203.22 1 1
github.com/thomaspoignant/go-feature-flag/cmd/relayproxy/service/flagset_manager.go:204.10,205.30 1 1
github.com/thomaspoignant/go-feature-flag/cmd/relayproxy/service/flagset_manager.go:205.30,207.4 1 0
github.com/thomaspoignant/go-feature-flag/cmd/relayproxy/service/flagset_manager.go:208.3,208.31 1 1
github.com/thomaspoignant/go-feature-flag/cmd/relayproxy/service/flagset_manager.go:213.73,214.16 1 1
github.com/thomaspoignant/go-feature-flag/cmd/relayproxy/service/flagset_manager.go:215.34,219.9 4 1
github.com/thomaspoignant/go-feature-flag/cmd/relayproxy/service/flagset_manager.go:219.9,221.4 1 1
github.com/thomaspoignant/go-feature-flag/cmd/relayproxy/service/flagset_manager.go:222.3,222.65 1 1
github.com/thomaspoignant/go-feature-flag/cmd/relayproxy/service/flagset_manager.go:223.10,224.39 1 1
github.com/thomaspoignant/go-feature-flag/cmd/relayproxy/service/flagset_manager.go:229.88,230.16 1 1
github.com/thomaspoignant/go-feature-flag/cmd/relayproxy/service/flagset_manager.go:231.34,234.27 3 1
github.com/thomaspoignant/go-feature-flag/cmd/relayproxy/service/flagset_manager.go:234.27,236.4 1 0
github.com/thomaspoignant/go-feature-flag/cmd/relayproxy/service/flagset_manager.go:238.3,239.32 2 1
github.com/thomaspoignant/go-feature-flag/cmd/relayproxy/service/flagset_manager.go:239.32,241.4 1 1
github.com/thomaspoignant/go-feature-flag/cmd/relayproxy/service/flagset_manager.go:242.3,242.21 1 1
github.com/thomaspoignant/go-feature-flag/cmd/relayproxy/service/flagset_manager.go:243.10,244.30 1 1
github.com/thomaspoignant/go-feature-flag/cmd/relayproxy/service/flagset_manager.go:244.30,246.4 1 0
github.com/thomaspoignant/go-feature-flag/cmd/relayproxy/service/flagset_manager.go:247.3,249.9 1 1
github.com/thomaspoignant/go-feature-flag/cmd/relayproxy/service/flagset_manager.go:254.64,256.2 1 1
github.com/thomaspoignant/go-feature-flag/cmd/relayproxy/service/flagset_manager.go:259.54,261.2 1 1
github.com/thomaspoignant/go-feature-flag/cmd/relayproxy/service/flagset_manager.go:264.38,265.29 1 1
github.com/thomaspoignant/go-feature-flag/cmd/relayproxy/service/flagset_manager.go:265.29,267.3 1 1
github.com/thomaspoignant/go-feature-flag/cmd/relayproxy/service/flagset_manager.go:268.2,270.37 3 1
github.com/thomaspoignant/go-feature-flag/cmd/relayproxy/service/flagset_manager.go:270.37,272.3 1 1
github.com/thomaspoignant/go-feature-flag/cmd/relayproxy/service/flagset_manager.go:273.2,274.35 2 1
github.com/thomaspoignant/go-feature-flag/cmd/relayproxy/service/flagset_manager.go:274.35,276.3 1 1
github.com/thomaspoignant/go-feature-flag/cmd/relayproxy/service/flagset_manager.go:280.71,281.44 1 1
github.com/thomaspoignant/go-feature-flag/cmd/relayproxy/service/flagset_manager.go:281.44,285.3 3 1
github.com/thomaspoignant/go-feature-flag/cmd/relayproxy/service/flagset_manager.go:288.2,289.74 1 1
github.com/thomaspoignant/go-feature-flag/cmd/relayproxy/service/flagset_manager.go:289.74,292.3 2 1
github.com/thomaspoignant/go-feature-flag/cmd/relayproxy/service/flagset_manager.go:294.2,294.16 1 1
github.com/thomaspoignant/go-feature-flag/cmd/relayproxy/service/flagset_manager.go:295.33,296.41 1 1
github.com/thomaspoignant/go-feature-flag/cmd/relayproxy/service/flagset_manager.go:297.34,298.42 1 1
github.com/thomaspoignant/go-feature-flag/cmd/relayproxy/service/flagset_manager.go:304.83,309.2 4 1
github.com/thomaspoignant/go-feature-flag/cmd/relayproxy/service/flagset_manager.go:312.82,314.44 2 1
github.com/thomaspoignant/go-feature-flag/cmd/relayproxy/service/flagset_manager.go:314.44,315.59 1 1
github.com/thomaspoignant/go-feature-flag/cmd/relayproxy/service/flagset_manager.go:315.59,317.4 1 1
github.com/thomaspoignant/go-feature-flag/cmd/relayproxy/service/flagset_manager.go:319.2,319.24 1 1
github.com/thomaspoignant/go-feature-flag/cmd/relayproxy/service/flagset_manager.go:323.138,325.36 2 1
github.com/thomaspoignant/go-feature-flag/cmd/relayproxy/service/flagset_manager.go:325.36,326.36 1 1
github.com/thomaspoignant/go-feature-flag/cmd/relayproxy/service/flagset_manager.go:326.36,327.12 1 1
github.com/thomaspoignant/go-feature-flag/cmd/relayproxy/service/flagset_manager.go:329.3,330.49 2 1
github.com/thomaspoignant/go-feature-flag/cmd/relayproxy/service/flagset_manager.go:332.2,332.26 1 1
github.com/thomaspoignant/go-feature-flag/cmd/relayproxy/service/flagset_manager.go:336.80,337.68 1 1
github.com/thomaspoignant/go-feature-flag/cmd/relayproxy/service/flagset_manager.go:337.68,341.3 2 1
github.com/thomaspoignant/go-feature-flag/cmd/relayproxy/service/flagset_manager.go:342.2,342.14 1 1
github.com/thomaspoignant/go-feature-flag/cmd/relayproxy/service/flagset_manager.go:346.116,348.13 2 1
github.com/thomaspoignant/go-feature-flag/cmd/relayproxy/service/flagset_manager.go:348.13,351.3 2 0
github.com/thomaspoignant/go-feature-flag/cmd/relayproxy/service/flagset_manager.go:353.2,353.49 1 1
github.com/thomaspoignant/go-feature-flag/cmd/relayproxy/service/flagset_manager.go:353.49,358.3 2 0
github.com/thomaspoignant/go-feature-flag/cmd/relayproxy/service/flagset_manager.go:360.2,360.37 1 1
github.com/thomaspoignant/go-feature-flag/cmd/relayproxy/service/flagset_manager.go:364.130,365.36 1 1
github.com/thomaspoignant/go-feature-flag/cmd/relayproxy/service/flagset_manager.go:365.36,366.31 1 1
github.com/thomaspoignant/go-feature-flag/cmd/relayproxy/service/flagset_manager.go:366.31,368.4 1 0
github.com/thomaspoignant/go-feature-flag/cmd/relayproxy/service/flagset_manager.go:373.90,375.66 2 1
github.com/thomaspoignant/go-feature-flag/cmd/relayproxy/service/flagset_manager.go:375.66,377.3 1 0
github.com/thomaspoignant/go-feature-flag/cmd/relayproxy/service/flagset_manager.go:378.2,379.16 2 1
github.com/thomaspoignant/go-feature-flag/cmd/relayproxy/service/flagset_manager.go:379.16,381.3 1 0
github.com/thomaspoignant/go-feature-flag/cmd/relayproxy/service/flagset_manager.go:382.2,382.57 1 1
github.com/thomaspoignant/go-feature-flag/cmd/relayproxy/service/flagset_manager.go:382.57,384.3 1 1
github.com/thomaspoignant/go-feature-flag/cmd/relayproxy/service/flagset_manager.go:386.2,389.89 2 1
github.com/thomaspoignant/go-feature-flag/cmd/relayproxy/service/flagset_manager.go:389.89,392.3 2 0
github.com/thomaspoignant/go-feature-flag/cmd/relayproxy/service/flagset_manager.go:393.2,393.79 1 1
github.com/thomaspoignant/go-feature-flag/cmd/relayproxy/service/flagset_manager.go:397.98,401.33 3 1
github.com/thomaspoignant/go-feature-flag/cmd/relayproxy/service/flagset_manager.go:401.33,403.3 1 1
github.com/thomaspoignant/go-feature-flag/cmd/relayproxy/service/flagset_manager.go:404.2,404.33 1 1
github.com/thomaspoignant/go-feature-flag/cmd/relayproxy/service/flagset_manager.go:404.33,406.3 1 1
github.com/thomaspoignant/go-feature-flag/cmd/relayproxy/service/flagset_manager.go:411.84,414.2 1 1
github.com/thomaspoignant/go-feature-flag/cmd/relayproxy/service/flagset_manager.go:417.65,420.16 2 0
github.com/thomaspoignant/go-feature-flag/cmd/relayproxy/service/flagset_manager.go:420.16,425.3 2 0
github.com/thomaspoignant/go-feature-flag/cmd/relayproxy/service/flagset_manager.go:428.2,428.53 1 0
github.com/thomaspoignant/go-feature-flag/cmd/relayproxy/service/flagset_manager.go:428.53,434.3 3 0
github.com/thomaspoignant/go-feature-flag/cmd/relayproxy/service/flagset_manager.go:437.2,439.41 3 0
github.com/thomaspoignant/go-feature-flag/cmd/relayproxy/service/flagset_manager.go:439.41,441.3 1 0
github.com/thomaspoignant/go-feature-flag/cmd/relayproxy/service/flagset_manager.go:442.2,445.39 2 0
github.com/thomaspoignant/go-feature-flag/cmd/relayproxy/service/flagset_manager.go:449.64,452.16 2 0
github.com/thomaspoignant/go-feature-flag/cmd/relayproxy/service/flagset_manager.go:452.16,457.3 2 0
github.com/thomaspoignant/go-feature-flag/cmd/relayproxy/service/flagset_manager.go:460.2,462.13 3 0
github.com/thomaspoignant/go-feature-flag/cmd/relayproxy/service/flagset_manager.go:462.13,467.3 3 0
github.com/thomaspoignant/go-feature-flag/cmd/relayproxy/service/flagset_manager.go:470.2,471.41 2 0
github.com/thomaspoignant/go-feature-flag/cmd/relayproxy/service/flagset_manager.go:471.41,473.3 1 0
github.com/thomaspoignant/go-feature-flag/cmd/relayproxy/service/flagset_manager.go:474.2,481.60 3 0
github.com/thomaspoignant/go-feature-flag/cmd/relayproxy/service/flagset_manager.go:481.60,487.3 2 0
github.com/thomaspoignant/go-feature-flag/cmd/relayproxy/service/flagset_manager.go:489.2,490.38 1 0
github.com/thomaspoignant/go-feature-flag/cmd/relayproxy/service/flagset_manager.go:496.82,506.114 6 1
github.com/thomaspoignant/go-feature-flag/cmd/relayproxy/service/flagset_manager.go:506.114,509.3 1 0
github.com/thomaspoignant/go-feature-flag/cmd/relayproxy/service/flagset_manager.go:511.2,511.102 1 1
github.com/thomaspoignant/go-feature-flag/cmd/relayproxy/service/flagset_manager.go:511.102,515.3 3 1
github.com/thomaspoignant/go-feature-flag/cmd/relayproxy/service/flagset_manager.go:518.2,518.44 1 1
github.com/thomaspoignant/go-feature-flag/cmd/relayproxy/service/flagset_manager.go:518.44,523.3 3 1
github.com/thomaspoignant/go-feature-flag/cmd/relayproxy/service/flagset_manager.go:525.2,525.19 1 1
github.com/thomaspoignant/go-feature-flag/cmd/relayproxy/service/flagset_manager.go:525.19,527.3 1 1
github.com/thomaspoignant/go-feature-flag/cmd/relayproxy/service/gofeatureflag_client.go:43.36,45.21 2 1
github.com/thomaspoignant/go-feature-flag/cmd/relayproxy/service/gofeatureflag_client.go:45.21,47.3 1 1
github.com/thomaspoignant/go-feature-flag/cmd/relayproxy/service/gofeatureflag_client.go:49.2,50.16 2 1
github.com/thomaspoignant/go-feature-flag/cmd/relayproxy/service/gofeatureflag_client.go:50.16,52.3 1 1
github.com/thomaspoignant/go-feature-flag/cmd/relayproxy/service/gofeatureflag_client.go:54.2,55.16 2 1
github.com/thomaspoignant/go-feature-flag/cmd/relayproxy/service/gofeatureflag_client.go:55.16,57.3 1 0
github.com/thomaspoignant/go-feature-flag/cmd/relayproxy/service/gofeatureflag_client.go:59.2,60.31 2 1
github.com/thomaspoignant/go-feature-flag/cmd/relayproxy/service/gofeatureflag_client.go:60.31,62.17 2 0
github.com/thomaspoignant/go-feature-flag/cmd/relayproxy/service/gofeatureflag_client.go:62.17,64.4 1 0
github.com/thomaspoignant/go-feature-flag/cmd/relayproxy/service/gofeatureflag_client.go:69.2,69.53 1 1
github.com/thomaspoignant/go-feature-flag/cmd/relayproxy/service/gofeatureflag_client.go:69.53,71.17 2 0
github.com/thomaspoignant/go-feature-flag/cmd/relayproxy/service/gofeatureflag_client.go:71.17,73.4 1 0
github.com/thomaspoignant/go-feature-flag/cmd/relayproxy/service/gofeatureflag_client.go:76.2,96.16 4 1
github.com/thomaspoignant/go-feature-flag/cmd/relayproxy/service/gofeatureflag_client.go:96.16,98.3 1 1
github.com/thomaspoignant/go-feature-flag/cmd/relayproxy/service/gofeatureflag_client.go:99.2,99.20 1 1
github.com/thomaspoignant/go-feature-flag/cmd/relayproxy/service/gofeatureflag_client.go:104.76,106.56 2 1
github.com/thomaspoignant/go-feature-flag/cmd/relayproxy/service/gofeatureflag_client.go:106.56,109.3 2 1
github.com/thomaspoignant/go-feature-flag/cmd/relayproxy/service/gofeatureflag_client.go:110.2,110.30 1 1
github.com/thomaspoignant/go-feature-flag/cmd/relayproxy/service/gofeatureflag_client.go:115.79,118.32 2 1
github.com/thomaspoignant/go-feature-flag/cmd/relayproxy/service/gofeatureflag_client.go:118.32,120.17 2 1
github.com/thomaspoignant/go-feature-flag/cmd/relayproxy/service/gofeatureflag_client.go:120.17,122.4 1 1
github.com/thomaspoignant/go-feature-flag/cmd/relayproxy/service/gofeatureflag_client.go:123.3,123.52 1 1
github.com/thomaspoignant/go-feature-flag/cmd/relayproxy/service/gofeatureflag_client.go:126.2,126.33 1 1
github.com/thomaspoignant/go-feature-flag/cmd/relayproxy/service/gofeatureflag_client.go:126.33,127.43 1 1
github.com/thomaspoignant/go-feature-flag/cmd/relayproxy/service/gofeatureflag_client.go:127.43,129.18 2 1
github.com/thomaspoignant/go-feature-flag/cmd/relayproxy/service/gofeatureflag_client.go:129.18,131.5 1 1
github.com/thomaspoignant/go-feature-flag/cmd/relayproxy/service/gofeatureflag_client.go:132.4,132.53 1 1
github.com/thomaspoignant/go-feature-flag/cmd/relayproxy/service/gofeatureflag_client.go:135.2,135.24 1 1
github.com/thomaspoignant/go-feature-flag/cmd/relayproxy/service/gofeatureflag_client.go:140.84,142.31 2 1
github.com/thomaspoignant/go-feature-flag/cmd/relayproxy/service/gofeatureflag_client.go:142.31,144.17 2 0
github.com/thomaspoignant/go-feature-flag/cmd/relayproxy/service/gofeatureflag_client.go:144.17,146.4 1 0
github.com/thomaspoignant/go-feature-flag/cmd/relayproxy/service/gofeatureflag_client.go:147.3,147.49 1 0
github.com/thomaspoignant/go-feature-flag/cmd/relayproxy/service/gofeatureflag_client.go:149.2,149.32 1 1
github.com/thomaspoignant/go-feature-flag/cmd/relayproxy/service/gofeatureflag_client.go:149.32,150.42 1 1
github.com/thomaspoignant/go-feature-flag/cmd/relayproxy/service/gofeatureflag_client.go:150.42,152.18 2 1
github.com/thomaspoignant/go-feature-flag/cmd/relayproxy/service/gofeatureflag_client.go:152.18,154.5 1 1
github.com/thomaspoignant/go-feature-flag/cmd/relayproxy/service/gofeatureflag_client.go:155.4,155.50 1 1
github.com/thomaspoignant/go-feature-flag/cmd/relayproxy/service/gofeatureflag_client.go:159.2,159.23 1 1
github.com/thomaspoignant/go-feature-flag/cmd/relayproxy/service/gofeatureflag_client.go:162.78,164.29 2 1
github.com/thomaspoignant/go-feature-flag/cmd/relayproxy/service/gofeatureflag_client.go:164.29,166.3 1 1
github.com/thomaspoignant/go-feature-flag/cmd/relayproxy/service/gofeatureflag_client.go:167.2,168.39 1 1
github.com/thomaspoignant/go-feature-flag/cmd/relayproxy/service/gofeatureflag_client.go:168.39,169.28 1 1
github.com/thomaspoignant/go-feature-flag/cmd/relayproxy/service/gofeatureflag_client.go:169.28,171.5 1 1
github.com/thomaspoignant/go-feature-flag/cmd/relayproxy/service/gofeatureflag_client.go:172.4,172.47 1 1
github.com/thomaspoignant/go-feature-flag/cmd/relayproxy/service/gofeatureflag_client.go:174.34,175.31 1 1
github.com/thomaspoignant/go-feature-flag/cmd/relayproxy/service/gofeatureflag_client.go:175.31,177.5 1 1
github.com/thomaspoignant/go-feature-flag/cmd/relayproxy/service/gofeatureflag_client.go:178.4,178.50 1 1
github.com/thomaspoignant/go-feature-flag/cmd/relayproxy/service/gofeatureflag_client.go:183.2,185.16 3 1
github.com/thomaspoignant/go-feature-flag/cmd/relayproxy/service/gofeatureflag_client.go:185.16,187.3 1 1
github.com/thomaspoignant/go-feature-flag/cmd/relayproxy/service/gofeatureflag_client.go:189.2,189.21 1 1
github.com/thomaspoignant/go-feature-flag/cmd/relayproxy/service/gofeatureflag_client.go:193.78,195.20 2 1
github.com/thomaspoignant/go-feature-flag/cmd/relayproxy/service/gofeatureflag_client.go:195.20,197.3 1 0
github.com/thomaspoignant/go-feature-flag/cmd/relayproxy/service/gofeatureflag_client.go:199.2,200.22 2 1
github.com/thomaspoignant/go-feature-flag/cmd/relayproxy/service/gofeatureflag_client.go:200.22,202.3 1 0
github.com/thomaspoignant/go-feature-flag/cmd/relayproxy/service/gofeatureflag_client.go:204.2,205.25 2 1
github.com/thomaspoignant/go-feature-flag/cmd/relayproxy/service/gofeatureflag_client.go:205.25,207.3 1 0
github.com/thomaspoignant/go-feature-flag/cmd/relayproxy/service/gofeatureflag_client.go:209.2,210.37 2 1
github.com/thomaspoignant/go-feature-flag/cmd/relayproxy/service/gofeatureflag_client.go:210.37,212.3 1 1
github.com/thomaspoignant/go-feature-flag/cmd/relayproxy/service/gofeatureflag_client.go:214.2,214.16 1 1
github.com/thomaspoignant/go-feature-flag/cmd/relayproxy/service/gofeatureflag_client.go:215.30,221.9 1 1
github.com/thomaspoignant/go-feature-flag/cmd/relayproxy/service/gofeatureflag_client.go:222.27,229.9 1 1
github.com/thomaspoignant/go-feature-flag/cmd/relayproxy/service/gofeatureflag_client.go:230.26,232.29 1 1
github.com/thomaspoignant/go-feature-flag/cmd/relayproxy/service/gofeatureflag_client.go:232.29,233.26 1 1
github.com/thomaspoignant/go-feature-flag/cmd/relayproxy/service/gofeatureflag_client.go:233.26,235.6 1 0
github.com/thomaspoignant/go-feature-flag/cmd/relayproxy/service/gofeatureflag_client.go:236.5,236.44 1 1
github.com/thomaspoignant/go-feature-flag/cmd/relayproxy/service/gofeatureflag_client.go:239.25,241.17 2 1
github.com/thomaspoignant/go-feature-flag/cmd/relayproxy/service/gofeatureflag_client.go:241.17,243.4 1 0
github.com/thomaspoignant/go-feature-flag/cmd/relayproxy/service/gofeatureflag_client.go:245.3,253.9 1 1
github.com/thomaspoignant/go-feature-flag/cmd/relayproxy/service/gofeatureflag_client.go:254.30,256.17 2 1
github.com/thomaspoignant/go-feature-flag/cmd/relayproxy/service/gofeatureflag_client.go:256.17,258.4 1 0
github.com/thomaspoignant/go-feature-flag/cmd/relayproxy/service/gofeatureflag_client.go:259.3,266.9 1 1
github.com/thomaspoignant/go-feature-flag/cmd/relayproxy/service/gofeatureflag_client.go:267.36,275.9 1 1
github.com/thomaspoignant/go-feature-flag/cmd/relayproxy/service/gofeatureflag_client.go:276.26,278.17 2 1
github.com/thomaspoignant/go-feature-flag/cmd/relayproxy/service/gofeatureflag_client.go:278.17,280.4 1 0
github.com/thomaspoignant/go-feature-flag/cmd/relayproxy/service/gofeatureflag_client.go:281.3,284.9 1 1
github.com/thomaspoignant/go-feature-flag/cmd/relayproxy/service/gofeatureflag_client.go:285.28,287.17 2 1
github.com/thomaspoignant/go-feature-flag/cmd/relayproxy/service/gofeatureflag_client.go:287.17,289.4 1 0
github.com/thomaspoignant/go-feature-flag/cmd/relayproxy/service/gofeatureflag_client.go:290.3,293.9 1 1
github.com/thomaspoignant/go-feature-flag/cmd/relayproxy/service/gofeatureflag_client.go:294.29,298.9 1 1
github.com/thomaspoignant/go-feature-flag/cmd/relayproxy/service/gofeatureflag_client.go:299.28,309.9 1 1
github.com/thomaspoignant/go-feature-flag/cmd/relayproxy/service/gofeatureflag_client.go:310.36,313.9 1 0
github.com/thomaspoignant/go-feature-flag/cmd/relayproxy/service/gofeatureflag_client.go:314.10,315.83 1 1
github.com/thomaspoignant/go-feature-flag/cmd/relayproxy/service/gofeatureflag_client.go:321.79,327.21 2 1
github.com/thomaspoignant/go-feature-flag/cmd/relayproxy/service/gofeatureflag_client.go:327.21,329.3 1 1
github.com/thomaspoignant/go-feature-flag/cmd/relayproxy/service/gofeatureflag_client.go:330.2,332.16 3 1
github.com/thomaspoignant/go-feature-flag/cmd/relayproxy/service/gofeatureflag_client.go:332.16,334.3 1 0
github.com/thomaspoignant/go-feature-flag/cmd/relayproxy/service/gofeatureflag_client.go:335.2,337.41 2 1
github.com/thomaspoignant/go-feature-flag/cmd/relayproxy/service/gofeatureflag_client.go:338.34,339.78 1 1
github.com/thomaspoignant/go-feature-flag/cmd/relayproxy/service/gofeatureflag_client.go:339.78,341.4 1 0
github.com/thomaspoignant/go-feature-flag/cmd/relayproxy/service/gofeatureflag_client.go:342.34,343.78 1 1
github.com/thomaspoignant/go-feature-flag/cmd/relayproxy/service/gofeatureflag_client.go:343.78,345.4 1 0
github.com/thomaspoignant/go-feature-flag/cmd/relayproxy/service/gofeatureflag_client.go:347.2,348.15 2 1
github.com/thomaspoignant/go-feature-flag/cmd/relayproxy/service/gofeatureflag_client.go:351.73,352.14 1 1
github.com/thomaspoignant/go-feature-flag/cmd/relayproxy/service/gofeatureflag_client.go:352.14,354.3 1 0
github.com/thomaspoignant/go-feature-flag/cmd/relayproxy/service/gofeatureflag_client.go:355.2,357.27 2 1
github.com/thomaspoignant/go-feature-flag/cmd/relayproxy/service/gofeatureflag_client.go:357.27,358.22 1 1
github.com/thomaspoignant/go-feature-flag/cmd/relayproxy/service/gofeatureflag_client.go:359.29,360.63 1 1
github.com/thomaspoignant/go-feature-flag/cmd/relayproxy/service/gofeatureflag_client.go:360.63,363.5 2 0
github.com/thomaspoignant/go-feature-flag/cmd/relayproxy/service/gofeatureflag_client.go:364.4,367.5 1 1
github.com/thomaspoignant/go-feature-flag/cmd/relayproxy/service/gofeatureflag_client.go:368.38,374.5 1 1
github.com/thomaspoignant/go-feature-flag/cmd/relayproxy/service/gofeatureflag_client.go:375.31,383.5 1 1
github.com/thomaspoignant/go-feature-flag/cmd/relayproxy/service/gofeatureflag_client.go:384.31,388.5 1 1
github.com/thomaspoignant/go-feature-flag/cmd/relayproxy/service/gofeatureflag_client.go:389.11,390.89 1 0
github.com/thomaspoignant/go-feature-flag/cmd/relayproxy/service/gofeatureflag_client.go:393.2,393.23 1 1
github.com/thomaspoignant/go-feature-flag/cmd/relayproxy/service/monitoring.go:17.62,21.2 1 1
github.com/thomaspoignant/go-feature-flag/cmd/relayproxy/service/monitoring.go:29.56,33.2 1 1
github.com/thomaspoignant/go-feature-flag/cmd/relayproxy/service/monitoring.go:36.61,37.29 1 1
github.com/thomaspoignant/go-feature-flag/cmd/relayproxy/service/monitoring.go:37.29,39.3 1 1
github.com/thomaspoignant/go-feature-flag/cmd/relayproxy/service/monitoring.go:40.2,41.16 2 1
github.com/thomaspoignant/go-feature-flag/cmd/relayproxy/service/monitoring.go:41.16,43.3 1 1
github.com/thomaspoignant/go-feature-flag/cmd/relayproxy/service/monitoring.go:45.2,45.41 1 1
github.com/thomaspoignant/go-feature-flag/cmd/relayproxy/service/monitoring.go:45.41,46.40 1 1
github.com/thomaspoignant/go-feature-flag/cmd/relayproxy/service/monitoring.go:46.40,48.4 1 1
github.com/thomaspoignant/go-feature-flag/cmd/relayproxy/service/monitoring.go:49.3,52.9 2 1
github.com/thomaspoignant/go-feature-flag/cmd/relayproxy/service/monitoring.go:55.2,57.45 3 1
github.com/thomaspoignant/go-feature-flag/cmd/relayproxy/service/monitoring.go:57.45,59.57 2 1
github.com/thomaspoignant/go-feature-flag/cmd/relayproxy/service/monitoring.go:59.57,61.4 1 1
github.com/thomaspoignant/go-feature-flag/cmd/relayproxy/service/monitoring.go:63.2,66.8 1 1
github.com/thomaspoignant/go-feature-flag/cmd/relayproxy/service/notifier_websocket.go:11.80,15.2 1 1
github.com/thomaspoignant/go-feature-flag/cmd/relayproxy/service/notifier_websocket.go:17.67,20.2 2 1
github.com/thomaspoignant/go-feature-flag/cmd/relayproxy/service/websocket.go:32.45,38.2 1 1
github.com/thomaspoignant/go-feature-flag/cmd/relayproxy/service/websocket.go:48.78,51.27 3 1
github.com/thomaspoignant/go-feature-flag/cmd/relayproxy/service/websocket.go:51.27,53.17 2 1
github.com/thomaspoignant/go-feature-flag/cmd/relayproxy/service/websocket.go:53.17,57.4 3 1
github.com/thomaspoignant/go-feature-flag/cmd/relayproxy/service/websocket.go:62.63,66.2 3 1
github.com/thomaspoignant/go-feature-flag/cmd/relayproxy/service/websocket.go:69.65,73.2 3 1
github.com/thomaspoignant/go-feature-flag/cmd/relayproxy/service/websocket.go:76.40,79.27 3 1
github.com/thomaspoignant/go-feature-flag/cmd/relayproxy/service/websocket.go:79.27,81.3 1 1
github.com/thomaspoignant/go-feature-flag/cmd/relayproxy/service/websocket.go:82.2,82.17 1 1
github.com/thomaspoignant/go-feature-flag/cmd/relayproxy/service/websocket.go:86.76,90.9 3 0
github.com/thomaspoignant/go-feature-flag/cmd/relayproxy/service/websocket.go:91.18,92.13 1 0
github.com/thomaspoignant/go-feature-flag/cmd/relayproxy/service/websocket.go:93.20,94.19 1 0
